<?xml version="1.0" encoding="UTF-8"?>
<testng-results ignored="0" total="2" passed="2" failed="0" skipped="0">
  <reporter-output>
  </reporter-output>
  <suite started-at="2023-02-26T23:06:08 IST" name="Suite" finished-at="2023-02-26T23:06:33 IST" duration-ms="24696">
    <groups>
    </groups>
    <test started-at="2023-02-26T23:06:08 IST" name="Test" finished-at="2023-02-26T23:06:33 IST" duration-ms="24696">
      <class name="testcases.Logintest">
        <test-method is-config="true" signature="setupbrowser()[pri:0, instance:testcases.Logintest@1b75c2e3]" started-at="2023-02-26T23:06:11 IST" name="setupbrowser" finished-at="2023-02-26T23:06:23 IST" duration-ms="11511" status="PASS">
          <reporter-output>
          </reporter-output>
        </test-method> <!-- setupbrowser -->
        <test-method signature="logintoapplication(java.lang.String,java.lang.String)[pri:0, instance:testcases.Logintest@1b75c2e3]" started-at="2023-02-26T23:06:23 IST" name="logintoapplication" data-provider="Logindetails" finished-at="2023-02-26T23:06:24 IST" duration-ms="1416" status="PASS">
          <params>
            <param index="0">
              <value>
                <![CDATA[ineuron@ineuron.ai]]>
              </value>
            </param>
            <param index="1">
              <value>
                <![CDATA[ineuron]]>
              </value>
            </param>
          </params>
          <reporter-output>
          </reporter-output>
        </test-method> <!-- logintoapplication -->
        <test-method is-config="true" signature="closebrowser()[pri:0, instance:testcases.Logintest@1b75c2e3]" started-at="2023-02-26T23:06:24 IST" name="closebrowser" finished-at="2023-02-26T23:06:25 IST" duration-ms="831" status="PASS">
          <reporter-output>
          </reporter-output>
        </test-method> <!-- closebrowser -->
        <test-method is-config="true" signature="setupbrowser()[pri:0, instance:testcases.Logintest@1b75c2e3]" started-at="2023-02-26T23:06:25 IST" name="setupbrowser" finished-at="2023-02-26T23:06:31 IST" duration-ms="5507" status="PASS">
          <reporter-output>
          </reporter-output>
        </test-method> <!-- setupbrowser -->
        <test-method signature="logintoapplication(java.lang.String,java.lang.String)[pri:0, instance:testcases.Logintest@1b75c2e3]" started-at="2023-02-26T23:06:31 IST" name="logintoapplication" data-provider="Logindetails" finished-at="2023-02-26T23:06:32 IST" duration-ms="1024" status="PASS">
          <params>
            <param index="0">
              <value>
                <![CDATA[xyz@ineuron.ai]]>
              </value>
            </param>
            <param index="1">
              <value>
                <![CDATA[passtest]]>
              </value>
            </param>
          </params>
          <reporter-output>
          </reporter-output>
        </test-method> <!-- logintoapplication -->
        <test-method is-config="true" signature="closebrowser()[pri:0, instance:testcases.Logintest@1b75c2e3]" started-at="2023-02-26T23:06:32 IST" name="closebrowser" finished-at="2023-02-26T23:06:33 IST" duration-ms="623" status="PASS">
          <reporter-output>
          </reporter-output>
        </test-method> <!-- closebrowser -->
      </class> <!-- testcases.Logintest -->
    </test> <!-- Test -->
  </suite> <!-- Suite -->
</testng-results>
